<?xml version="1.0" encoding="UTF-8"?>
<!-- Generated by org.testng.reporters.JUnitReportReporter -->
<testsuite hostname="sys" name="testcases.TestGetxml" tests="1" failures="0" timestamp="5 Apr 2020 16:06:23 GMT" time="0.001" errors="0">
  <testcase name="Jenk" time="0.001" classname="testcases.TestGetxml"/>
</testsuite> <!-- testcases.TestGetxml -->
