<?xml version="1.0" encoding="UTF-8"?>
<!-- Generated by org.testng.reporters.JUnitReportReporter -->
<testsuite hostname="sys" name="testcases.TestFirstWin" tests="1" failures="0" timestamp="5 Apr 2020 16:06:23 GMT" time="0.011" errors="0">
  <testcase name="TestMWWE" time="0.011" classname="testcases.TestFirstWin"/>
</testsuite> <!-- testcases.TestFirstWin -->
