<?xml version="1.0" encoding="UTF-8"?>
<!-- Generated by org.testng.reporters.JUnitReportReporter -->
<testsuite hostname="sys" name="testcases.TestWebService" tests="1" failures="0" timestamp="5 Apr 2020 16:06:23 GMT" time="3.373" errors="0">
  <testcase name="testRequest" time="3.373" classname="testcases.TestWebService"/>
</testsuite> <!-- testcases.TestWebService -->
