<?xml version="1.0" encoding="UTF-8"?>
<!-- Generated by org.testng.reporters.JUnitReportReporter -->
<testsuite hostname="sys" name="testcases.FirstWin" tests="1" failures="0" timestamp="5 Apr 2020 15:17:08 GMT" time="0.012" errors="0">
  <testcase name="TestMWWE" time="0.012" classname="testcases.FirstWin"/>
</testsuite> <!-- testcases.FirstWin -->
