<?xml version="1.0" encoding="UTF-8"?>
<!-- Generated by org.testng.reporters.JUnitReportReporter -->
<testsuite hostname="sys" name="testcases.Getxml" tests="1" failures="0" timestamp="5 Apr 2020 15:14:31 GMT" time="0.016" errors="0">
  <testcase name="Jenk" time="0.016" classname="testcases.Getxml"/>
</testsuite> <!-- testcases.Getxml -->
