<?xml version="1.0" encoding="UTF-8"?>
<!-- Generated by org.testng.reporters.JUnitReportReporter -->
<testsuite hostname="sys" name="testcases.TestWebService" tests="2" failures="0" timestamp="5 Apr 2020 15:12:50 GMT" time="9.383" errors="0">
  <testcase name="testRequest" time="0.384" classname="testcases.TestWebService"/>
  <testcase name="testBody" time="8.999" classname="testcases.TestWebService"/>
</testsuite> <!-- testcases.TestWebService -->
